{"C:\\Users\\Joh\\typeorm-todolist\\back-end\\src\\config\\ormconfig.ts": {"path":"C:\\Users\\Joh\\typeorm-todolist\\back-end\\src\\config\\ormconfig.ts","statementMap":{"0":{"start":{"line":1,"column":0},"end":{"line":1,"column":37}},"1":{"start":{"line":2,"column":0},"end":{"line":2,"column":45}},"2":{"start":{"line":4,"column":13},"end":{"line":14,"column":3}}},"fnMap":{},"branchMap":{},"s":{"0":1,"1":1,"2":1},"f":{},"b":{}}
,"C:\\Users\\Joh\\typeorm-todolist\\back-end\\src\\controller\\dto\\todo-create.dto.ts": {"path":"C:\\Users\\Joh\\typeorm-todolist\\back-end\\src\\controller\\dto\\todo-create.dto.ts","statementMap":{"0":{"start":{"line":1,"column":0},"end":{"line":1,"column":48}},"1":{"start":{"line":8,"column":8},"end":{"line":8,"column":25}},"2":{"start":{"line":9,"column":8},"end":{"line":9,"column":45}},"3":{"start":{"line":13,"column":39},"end":{"line":13,"column":52}},"4":{"start":{"line":14,"column":21},"end":{"line":14,"column":51}},"5":{"start":{"line":15,"column":8},"end":{"line":15,"column":20}},"6":{"start":{"line":3,"column":0},"end":{"line":3,"column":13}}},"fnMap":{"0":{"name":"(anonymous_0)","decl":{"start":{"line":7,"column":4},"end":{"line":7,"column":16}},"loc":{"start":{"line":7,"column":53},"end":{"line":10,"column":5}}},"1":{"name":"(anonymous_1)","decl":{"start":{"line":12,"column":4},"end":{"line":12,"column":10}},"loc":{"start":{"line":12,"column":48},"end":{"line":16,"column":5}}}},"branchMap":{},"s":{"0":1,"1":1,"2":1,"3":1,"4":1,"5":1,"6":1},"f":{"0":1,"1":1},"b":{}}
,"C:\\Users\\Joh\\typeorm-todolist\\back-end\\src\\entity\\todo.entity.ts": {"path":"C:\\Users\\Joh\\typeorm-todolist\\back-end\\src\\entity\\todo.entity.ts","statementMap":{"0":{"start":{"line":1,"column":0},"end":{"line":1,"column":101}},"1":{"start":{"line":4,"column":7},"end":{"line":33,"column":null}},"2":{"start":{"line":30,"column":4},"end":{"line":30,"column":21}},"3":{"start":{"line":31,"column":4},"end":{"line":31,"column":50}},"4":{"start":{"line":4,"column":13},"end":{"line":4,"column":17}},"5":{"start":{"line":6,"column":2},"end":{"line":6,"column":null}},"6":{"start":{"line":9,"column":2},"end":{"line":9,"column":null}},"7":{"start":{"line":12,"column":2},"end":{"line":12,"column":null}},"8":{"start":{"line":15,"column":2},"end":{"line":15,"column":null}},"9":{"start":{"line":20,"column":2},"end":{"line":20,"column":null}},"10":{"start":{"line":18,"column":40},"end":{"line":18,"column":62}},"11":{"start":{"line":25,"column":2},"end":{"line":25,"column":null}},"12":{"start":{"line":23,"column":40},"end":{"line":23,"column":62}},"13":{"start":{"line":4,"column":13},"end":{"line":33,"column":null}}},"fnMap":{"0":{"name":"(anonymous_2)","decl":{"start":{"line":29,"column":2},"end":{"line":29,"column":14}},"loc":{"start":{"line":29,"column":52},"end":{"line":32,"column":3}}},"1":{"name":"(anonymous_3)","decl":{"start":{"line":18,"column":34},"end":{"line":18,"column":37}},"loc":{"start":{"line":18,"column":40},"end":{"line":18,"column":62}}},"2":{"name":"(anonymous_4)","decl":{"start":{"line":23,"column":34},"end":{"line":23,"column":37}},"loc":{"start":{"line":23,"column":40},"end":{"line":23,"column":62}}}},"branchMap":{"0":{"loc":{"start":{"line":31,"column":26},"end":{"line":31,"column":49}},"type":"cond-expr","locations":[{"start":{"line":31,"column":26},"end":{"line":31,"column":40}},{"start":{"line":31,"column":44},"end":{"line":31,"column":49}}]},"1":{"loc":{"start":{"line":31,"column":26},"end":{"line":31,"column":44}},"type":"binary-expr","locations":[{"start":{"line":31,"column":26},"end":{"line":31,"column":44}},{"start":{"line":31,"column":26},"end":{"line":31,"column":44}}]}},"s":{"0":1,"1":1,"2":1,"3":1,"4":1,"5":1,"6":1,"7":1,"8":1,"9":1,"10":0,"11":1,"12":0,"13":1},"f":{"0":1,"1":0,"2":0},"b":{"0":[1,0],"1":[1,1]}}
,"C:\\Users\\Joh\\typeorm-todolist\\back-end\\src\\exception\\global-exception.handler.ts": {"path":"C:\\Users\\Joh\\typeorm-todolist\\back-end\\src\\exception\\global-exception.handler.ts","statementMap":{"0":{"start":{"line":7,"column":8},"end":{"line":7,"column":23}},"1":{"start":{"line":8,"column":8},"end":{"line":8,"column":37}},"2":{"start":{"line":12,"column":8},"end":{"line":16,"column":9}},"3":{"start":{"line":13,"column":12},"end":{"line":13,"column":74}},"4":{"start":{"line":15,"column":12},"end":{"line":15,"column":61}},"5":{"start":{"line":3,"column":0},"end":{"line":3,"column":22}}},"fnMap":{"0":{"name":"(anonymous_0)","decl":{"start":{"line":6,"column":4},"end":{"line":6,"column":16}},"loc":{"start":{"line":6,"column":51},"end":{"line":9,"column":5}}},"1":{"name":"(anonymous_1)","decl":{"start":{"line":11,"column":4},"end":{"line":11,"column":10}},"loc":{"start":{"line":11,"column":54},"end":{"line":17,"column":5}}}},"branchMap":{"0":{"loc":{"start":{"line":12,"column":8},"end":{"line":16,"column":9}},"type":"if","locations":[{"start":{"line":12,"column":8},"end":{"line":16,"column":9}},{"start":{"line":14,"column":15},"end":{"line":16,"column":9}}]}},"s":{"0":8,"1":8,"2":0,"3":0,"4":0,"5":1},"f":{"0":8,"1":0},"b":{"0":[0,0]}}
,"C:\\Users\\Joh\\typeorm-todolist\\back-end\\src\\exception\\create\\create-todo-null.exception.ts": {"path":"C:\\Users\\Joh\\typeorm-todolist\\back-end\\src\\exception\\create\\create-todo-null.exception.ts","statementMap":{"0":{"start":{"line":1,"column":0},"end":{"line":1,"column":69}},"1":{"start":{"line":5,"column":8},"end":{"line":5,"column":55}},"2":{"start":{"line":3,"column":0},"end":{"line":3,"column":13}}},"fnMap":{"0":{"name":"(anonymous_0)","decl":{"start":{"line":4,"column":4},"end":{"line":4,"column":null}},"loc":{"start":{"line":4,"column":4},"end":{"line":6,"column":7}}}},"branchMap":{},"s":{"0":1,"1":3,"2":1},"f":{"0":3},"b":{}}
,"C:\\Users\\Joh\\typeorm-todolist\\back-end\\src\\exception\\create\\create-todo-type.exception.ts": {"path":"C:\\Users\\Joh\\typeorm-todolist\\back-end\\src\\exception\\create\\create-todo-type.exception.ts","statementMap":{"0":{"start":{"line":1,"column":0},"end":{"line":1,"column":69}},"1":{"start":{"line":5,"column":8},"end":{"line":5,"column":68}},"2":{"start":{"line":3,"column":0},"end":{"line":3,"column":13}}},"fnMap":{"0":{"name":"(anonymous_0)","decl":{"start":{"line":4,"column":4},"end":{"line":4,"column":null}},"loc":{"start":{"line":4,"column":4},"end":{"line":6,"column":7}}}},"branchMap":{},"s":{"0":1,"1":2,"2":1},"f":{"0":2},"b":{}}
,"C:\\Users\\Joh\\typeorm-todolist\\back-end\\src\\exception\\filter\\filter-todo-field.exception.ts": {"path":"C:\\Users\\Joh\\typeorm-todolist\\back-end\\src\\exception\\filter\\filter-todo-field.exception.ts","statementMap":{"0":{"start":{"line":1,"column":0},"end":{"line":1,"column":69}},"1":{"start":{"line":5,"column":8},"end":{"line":5,"column":90}},"2":{"start":{"line":3,"column":0},"end":{"line":3,"column":13}}},"fnMap":{"0":{"name":"(anonymous_0)","decl":{"start":{"line":4,"column":4},"end":{"line":4,"column":null}},"loc":{"start":{"line":4,"column":4},"end":{"line":6,"column":7}}}},"branchMap":{},"s":{"0":1,"1":0,"2":1},"f":{"0":0},"b":{}}
,"C:\\Users\\Joh\\typeorm-todolist\\back-end\\src\\exception\\find\\find-todo-type.exception.ts": {"path":"C:\\Users\\Joh\\typeorm-todolist\\back-end\\src\\exception\\find\\find-todo-type.exception.ts","statementMap":{"0":{"start":{"line":1,"column":0},"end":{"line":1,"column":69}},"1":{"start":{"line":5,"column":8},"end":{"line":5,"column":61}},"2":{"start":{"line":3,"column":0},"end":{"line":3,"column":13}}},"fnMap":{"0":{"name":"(anonymous_0)","decl":{"start":{"line":4,"column":4},"end":{"line":4,"column":null}},"loc":{"start":{"line":4,"column":4},"end":{"line":6,"column":7}}}},"branchMap":{},"s":{"0":1,"1":2,"2":1},"f":{"0":2},"b":{}}
,"C:\\Users\\Joh\\typeorm-todolist\\back-end\\src\\exception\\find\\get-all-fetch.exception.ts": {"path":"C:\\Users\\Joh\\typeorm-todolist\\back-end\\src\\exception\\find\\get-all-fetch.exception.ts","statementMap":{"0":{"start":{"line":1,"column":0},"end":{"line":1,"column":69}},"1":{"start":{"line":5,"column":8},"end":{"line":5,"column":58}},"2":{"start":{"line":3,"column":0},"end":{"line":3,"column":13}}},"fnMap":{"0":{"name":"(anonymous_0)","decl":{"start":{"line":4,"column":4},"end":{"line":4,"column":null}},"loc":{"start":{"line":4,"column":4},"end":{"line":6,"column":7}}}},"branchMap":{},"s":{"0":1,"1":0,"2":1},"f":{"0":0},"b":{}}
,"C:\\Users\\Joh\\typeorm-todolist\\back-end\\src\\exception\\find\\todo-not-found.exception.ts": {"path":"C:\\Users\\Joh\\typeorm-todolist\\back-end\\src\\exception\\find\\todo-not-found.exception.ts","statementMap":{"0":{"start":{"line":1,"column":0},"end":{"line":1,"column":69}},"1":{"start":{"line":5,"column":8},"end":{"line":5,"column":38}},"2":{"start":{"line":3,"column":0},"end":{"line":3,"column":13}}},"fnMap":{"0":{"name":"(anonymous_0)","decl":{"start":{"line":4,"column":4},"end":{"line":4,"column":null}},"loc":{"start":{"line":4,"column":4},"end":{"line":6,"column":7}}}},"branchMap":{},"s":{"0":1,"1":1,"2":1},"f":{"0":1},"b":{}}
,"C:\\Users\\Joh\\typeorm-todolist\\back-end\\src\\exception\\update\\update-todo-field-name.exception.ts": {"path":"C:\\Users\\Joh\\typeorm-todolist\\back-end\\src\\exception\\update\\update-todo-field-name.exception.ts","statementMap":{"0":{"start":{"line":1,"column":0},"end":{"line":1,"column":69}},"1":{"start":{"line":5,"column":8},"end":{"line":5,"column":78}},"2":{"start":{"line":3,"column":0},"end":{"line":3,"column":13}}},"fnMap":{"0":{"name":"(anonymous_0)","decl":{"start":{"line":4,"column":4},"end":{"line":4,"column":null}},"loc":{"start":{"line":4,"column":4},"end":{"line":6,"column":7}}}},"branchMap":{},"s":{"0":1,"1":0,"2":1},"f":{"0":0},"b":{}}
,"C:\\Users\\Joh\\typeorm-todolist\\back-end\\src\\exception\\update\\update-todo-field-type.exception.ts": {"path":"C:\\Users\\Joh\\typeorm-todolist\\back-end\\src\\exception\\update\\update-todo-field-type.exception.ts","statementMap":{"0":{"start":{"line":1,"column":0},"end":{"line":1,"column":69}},"1":{"start":{"line":5,"column":8},"end":{"line":5,"column":95}},"2":{"start":{"line":3,"column":0},"end":{"line":3,"column":13}}},"fnMap":{"0":{"name":"(anonymous_0)","decl":{"start":{"line":4,"column":4},"end":{"line":4,"column":null}},"loc":{"start":{"line":4,"column":4},"end":{"line":6,"column":7}}}},"branchMap":{},"s":{"0":1,"1":0,"2":1},"f":{"0":0},"b":{}}
,"C:\\Users\\Joh\\typeorm-todolist\\back-end\\src\\exception\\update\\update-todo-field.exception.ts": {"path":"C:\\Users\\Joh\\typeorm-todolist\\back-end\\src\\exception\\update\\update-todo-field.exception.ts","statementMap":{"0":{"start":{"line":1,"column":0},"end":{"line":1,"column":69}},"1":{"start":{"line":5,"column":8},"end":{"line":5,"column":79}},"2":{"start":{"line":3,"column":0},"end":{"line":3,"column":13}}},"fnMap":{"0":{"name":"(anonymous_0)","decl":{"start":{"line":4,"column":4},"end":{"line":4,"column":null}},"loc":{"start":{"line":4,"column":4},"end":{"line":6,"column":7}}}},"branchMap":{},"s":{"0":1,"1":0,"2":1},"f":{"0":0},"b":{}}
,"C:\\Users\\Joh\\typeorm-todolist\\back-end\\src\\repository\\todo.repository.ts": {"path":"C:\\Users\\Joh\\typeorm-todolist\\back-end\\src\\repository\\todo.repository.ts","statementMap":{"0":{"start":{"line":1,"column":0},"end":{"line":1,"column":37}},"1":{"start":{"line":5,"column":0},"end":{"line":5,"column":13}}},"fnMap":{},"branchMap":{},"s":{"0":1,"1":1},"f":{},"b":{}}
,"C:\\Users\\Joh\\typeorm-todolist\\back-end\\src\\service\\todo.service.ts": {"path":"C:\\Users\\Joh\\typeorm-todolist\\back-end\\src\\service\\todo.service.ts","statementMap":{"0":{"start":{"line":1,"column":0},"end":{"line":1,"column":52}},"1":{"start":{"line":2,"column":0},"end":{"line":2,"column":66}},"2":{"start":{"line":3,"column":0},"end":{"line":3,"column":45}},"3":{"start":{"line":4,"column":0},"end":{"line":4,"column":83}},"4":{"start":{"line":6,"column":0},"end":{"line":6,"column":57}},"5":{"start":{"line":12,"column":8},"end":{"line":13,"column":64}},"6":{"start":{"line":17,"column":33},"end":{"line":23,"column":10}},"7":{"start":{"line":24,"column":8},"end":{"line":24,"column":51}},"8":{"start":{"line":25,"column":8},"end":{"line":25,"column":24}},"9":{"start":{"line":29,"column":29},"end":{"line":29,"column":74}},"10":{"start":{"line":30,"column":38},"end":{"line":38,"column":10}},"11":{"start":{"line":39,"column":8},"end":{"line":39,"column":29}},"12":{"start":{"line":43,"column":8},"end":{"line":43,"column":62}},"13":{"start":{"line":44,"column":27},"end":{"line":45,"column":null}},"14":{"start":{"line":47,"column":8},"end":{"line":47,"column":53}},"15":{"start":{"line":51,"column":8},"end":{"line":51,"column":46}},"16":{"start":{"line":53,"column":12},"end":{"line":53,"column":65}},"17":{"start":{"line":55,"column":8},"end":{"line":55,"column":61}},"18":{"start":{"line":55,"column":27},"end":{"line":55,"column":61}},"19":{"start":{"line":56,"column":8},"end":{"line":56,"column":20}},"20":{"start":{"line":60,"column":8},"end":{"line":60,"column":48}},"21":{"start":{"line":61,"column":29},"end":{"line":61,"column":56}},"22":{"start":{"line":62,"column":8},"end":{"line":62,"column":44}},"23":{"start":{"line":63,"column":8},"end":{"line":63,"column":61}},"24":{"start":{"line":67,"column":29},"end":{"line":67,"column":56}},"25":{"start":{"line":68,"column":8},"end":{"line":68,"column":46}},"26":{"start":{"line":69,"column":8},"end":{"line":69,"column":61}},"27":{"start":{"line":9,"column":0},"end":{"line":9,"column":13}}},"fnMap":{"0":{"name":"(anonymous_7)","decl":{"start":{"line":11,"column":4},"end":{"line":11,"column":null}},"loc":{"start":{"line":11,"column":4},"end":{"line":14,"column":5}}},"1":{"name":"(anonymous_8)","decl":{"start":{"line":16,"column":10},"end":{"line":16,"column":21}},"loc":{"start":{"line":16,"column":21},"end":{"line":26,"column":null}}},"2":{"name":"(anonymous_10)","decl":{"start":{"line":28,"column":10},"end":{"line":28,"column":29}},"loc":{"start":{"line":28,"column":52},"end":{"line":40,"column":null}}},"3":{"name":"(anonymous_12)","decl":{"start":{"line":42,"column":10},"end":{"line":42,"column":20}},"loc":{"start":{"line":42,"column":58},"end":{"line":48,"column":null}}},"4":{"name":"(anonymous_14)","decl":{"start":{"line":50,"column":10},"end":{"line":50,"column":22}},"loc":{"start":{"line":50,"column":33},"end":{"line":57,"column":null}}},"5":{"name":"(anonymous_16)","decl":{"start":{"line":59,"column":10},"end":{"line":59,"column":20}},"loc":{"start":{"line":59,"column":54},"end":{"line":64,"column":null}}},"6":{"name":"(anonymous_18)","decl":{"start":{"line":66,"column":10},"end":{"line":66,"column":20}},"loc":{"start":{"line":66,"column":31},"end":{"line":70,"column":null}}}},"branchMap":{"0":{"loc":{"start":{"line":55,"column":8},"end":{"line":55,"column":61}},"type":"if","locations":[{"start":{"line":55,"column":8},"end":{"line":55,"column":61}}]}},"s":{"0":1,"1":1,"2":1,"3":1,"4":1,"5":12,"6":1,"7":1,"8":1,"9":1,"10":1,"11":1,"12":6,"13":1,"14":1,"15":4,"16":2,"17":2,"18":1,"19":1,"20":0,"21":0,"22":0,"23":0,"24":0,"25":0,"26":0,"27":1},"f":{"0":12,"1":1,"2":1,"3":6,"4":4,"5":0,"6":0},"b":{"0":[1]}}
,"C:\\Users\\Joh\\typeorm-todolist\\back-end\\src\\validate\\todo.validate.ts": {"path":"C:\\Users\\Joh\\typeorm-todolist\\back-end\\src\\validate\\todo.validate.ts","statementMap":{"0":{"start":{"line":2,"column":0},"end":{"line":2,"column":89}},"1":{"start":{"line":3,"column":0},"end":{"line":3,"column":89}},"2":{"start":{"line":4,"column":0},"end":{"line":4,"column":91}},"3":{"start":{"line":5,"column":0},"end":{"line":5,"column":83}},"4":{"start":{"line":6,"column":0},"end":{"line":6,"column":81}},"5":{"start":{"line":7,"column":0},"end":{"line":7,"column":100}},"6":{"start":{"line":8,"column":0},"end":{"line":8,"column":100}},"7":{"start":{"line":9,"column":0},"end":{"line":9,"column":91}},"8":{"start":{"line":14,"column":8},"end":{"line":14,"column":56}},"9":{"start":{"line":14,"column":23},"end":{"line":14,"column":56}},"10":{"start":{"line":18,"column":8},"end":{"line":18,"column":55}},"11":{"start":{"line":18,"column":19},"end":{"line":18,"column":55}},"12":{"start":{"line":19,"column":8},"end":{"line":19,"column":65}},"13":{"start":{"line":19,"column":29},"end":{"line":19,"column":65}},"14":{"start":{"line":20,"column":8},"end":{"line":22,"column":9}},"15":{"start":{"line":21,"column":12},"end":{"line":21,"column":48}},"16":{"start":{"line":23,"column":8},"end":{"line":23,"column":62}},"17":{"start":{"line":23,"column":26},"end":{"line":23,"column":62}},"18":{"start":{"line":27,"column":8},"end":{"line":27,"column":76}},"19":{"start":{"line":27,"column":42},"end":{"line":27,"column":76}},"20":{"start":{"line":31,"column":30},"end":{"line":31,"column":70}},"21":{"start":{"line":32,"column":29},"end":{"line":32,"column":48}},"22":{"start":{"line":33,"column":8},"end":{"line":33,"column":76}},"23":{"start":{"line":33,"column":39},"end":{"line":33,"column":76}},"24":{"start":{"line":35,"column":28},"end":{"line":35,"column":43}},"25":{"start":{"line":36,"column":8},"end":{"line":36,"column":91}},"26":{"start":{"line":36,"column":50},"end":{"line":36,"column":91}},"27":{"start":{"line":37,"column":8},"end":{"line":39,"column":9}},"28":{"start":{"line":38,"column":12},"end":{"line":38,"column":53}},"29":{"start":{"line":40,"column":8},"end":{"line":44,"column":9}},"30":{"start":{"line":43,"column":12},"end":{"line":43,"column":53}},"31":{"start":{"line":49,"column":30},"end":{"line":49,"column":62}},"32":{"start":{"line":50,"column":29},"end":{"line":50,"column":48}},"33":{"start":{"line":51,"column":8},"end":{"line":51,"column":76}},"34":{"start":{"line":51,"column":39},"end":{"line":51,"column":76}},"35":{"start":{"line":53,"column":36},"end":{"line":53,"column":51}},"36":{"start":{"line":54,"column":8},"end":{"line":54,"column":91}},"37":{"start":{"line":54,"column":50},"end":{"line":54,"column":91}},"38":{"start":{"line":56,"column":34},"end":{"line":56,"column":39}},"39":{"start":{"line":57,"column":8},"end":{"line":61,"column":9}},"40":{"start":{"line":58,"column":26},"end":{"line":58,"column":45}},"41":{"start":{"line":59,"column":12},"end":{"line":59,"column":81}},"42":{"start":{"line":59,"column":44},"end":{"line":59,"column":81}},"43":{"start":{"line":60,"column":12},"end":{"line":60,"column":31}},"44":{"start":{"line":63,"column":8},"end":{"line":63,"column":null}},"45":{"start":{"line":11,"column":0},"end":{"line":11,"column":13}}},"fnMap":{"0":{"name":"(anonymous_0)","decl":{"start":{"line":13,"column":4},"end":{"line":13,"column":10}},"loc":{"start":{"line":13,"column":47},"end":{"line":15,"column":5}}},"1":{"name":"(anonymous_1)","decl":{"start":{"line":17,"column":4},"end":{"line":17,"column":10}},"loc":{"start":{"line":17,"column":67},"end":{"line":24,"column":5}}},"2":{"name":"(anonymous_2)","decl":{"start":{"line":26,"column":4},"end":{"line":26,"column":10}},"loc":{"start":{"line":26,"column":42},"end":{"line":28,"column":5}}},"3":{"name":"(anonymous_3)","decl":{"start":{"line":30,"column":4},"end":{"line":30,"column":10}},"loc":{"start":{"line":30,"column":51},"end":{"line":45,"column":5}}},"4":{"name":"(anonymous_4)","decl":{"start":{"line":47,"column":4},"end":{"line":47,"column":10}},"loc":{"start":{"line":47,"column":57},"end":{"line":64,"column":5}}}},"branchMap":{"0":{"loc":{"start":{"line":14,"column":8},"end":{"line":14,"column":56}},"type":"if","locations":[{"start":{"line":14,"column":8},"end":{"line":14,"column":56}}]},"1":{"loc":{"start":{"line":18,"column":8},"end":{"line":18,"column":55}},"type":"if","locations":[{"start":{"line":18,"column":8},"end":{"line":18,"column":55}}]},"2":{"loc":{"start":{"line":19,"column":8},"end":{"line":19,"column":65}},"type":"if","locations":[{"start":{"line":19,"column":8},"end":{"line":19,"column":65}}]},"3":{"loc":{"start":{"line":20,"column":8},"end":{"line":22,"column":9}},"type":"if","locations":[{"start":{"line":20,"column":8},"end":{"line":22,"column":9}}]},"4":{"loc":{"start":{"line":20,"column":12},"end":{"line":20,"column":75}},"type":"binary-expr","locations":[{"start":{"line":20,"column":12},"end":{"line":20,"column":36}},{"start":{"line":20,"column":40},"end":{"line":20,"column":75}}]},"5":{"loc":{"start":{"line":23,"column":8},"end":{"line":23,"column":62}},"type":"if","locations":[{"start":{"line":23,"column":8},"end":{"line":23,"column":62}}]},"6":{"loc":{"start":{"line":27,"column":8},"end":{"line":27,"column":76}},"type":"if","locations":[{"start":{"line":27,"column":8},"end":{"line":27,"column":76}}]},"7":{"loc":{"start":{"line":27,"column":11},"end":{"line":27,"column":40}},"type":"binary-expr","locations":[{"start":{"line":27,"column":11},"end":{"line":27,"column":14}},{"start":{"line":27,"column":18},"end":{"line":27,"column":40}}]},"8":{"loc":{"start":{"line":33,"column":8},"end":{"line":33,"column":76}},"type":"if","locations":[{"start":{"line":33,"column":8},"end":{"line":33,"column":76}}]},"9":{"loc":{"start":{"line":36,"column":8},"end":{"line":36,"column":91}},"type":"if","locations":[{"start":{"line":36,"column":8},"end":{"line":36,"column":91}}]},"10":{"loc":{"start":{"line":37,"column":8},"end":{"line":39,"column":9}},"type":"if","locations":[{"start":{"line":37,"column":8},"end":{"line":39,"column":9}}]},"11":{"loc":{"start":{"line":37,"column":12},"end":{"line":37,"column":77}},"type":"binary-expr","locations":[{"start":{"line":37,"column":12},"end":{"line":37,"column":34}},{"start":{"line":37,"column":38},"end":{"line":37,"column":77}}]},"12":{"loc":{"start":{"line":40,"column":8},"end":{"line":44,"column":9}},"type":"if","locations":[{"start":{"line":40,"column":8},"end":{"line":44,"column":9}}]},"13":{"loc":{"start":{"line":40,"column":12},"end":{"line":42,"column":53}},"type":"binary-expr","locations":[{"start":{"line":41,"column":12},"end":{"line":41,"column":43}},{"start":{"line":41,"column":47},"end":{"line":41,"column":75}},{"start":{"line":42,"column":13},"end":{"line":42,"column":53}}]},"14":{"loc":{"start":{"line":51,"column":8},"end":{"line":51,"column":76}},"type":"if","locations":[{"start":{"line":51,"column":8},"end":{"line":51,"column":76}}]},"15":{"loc":{"start":{"line":54,"column":8},"end":{"line":54,"column":91}},"type":"if","locations":[{"start":{"line":54,"column":8},"end":{"line":54,"column":91}}]},"16":{"loc":{"start":{"line":57,"column":8},"end":{"line":61,"column":9}},"type":"if","locations":[{"start":{"line":57,"column":8},"end":{"line":61,"column":9}}]},"17":{"loc":{"start":{"line":57,"column":13},"end":{"line":57,"column":77}},"type":"binary-expr","locations":[{"start":{"line":57,"column":13},"end":{"line":57,"column":45}},{"start":{"line":57,"column":49},"end":{"line":57,"column":77}}]},"18":{"loc":{"start":{"line":59,"column":12},"end":{"line":59,"column":81}},"type":"if","locations":[{"start":{"line":59,"column":12},"end":{"line":59,"column":81}}]}},"s":{"0":1,"1":1,"2":1,"3":1,"4":1,"5":1,"6":1,"7":1,"8":1,"9":0,"10":6,"11":2,"12":4,"13":1,"14":3,"15":2,"16":1,"17":0,"18":4,"19":2,"20":0,"21":0,"22":0,"23":0,"24":0,"25":0,"26":0,"27":0,"28":0,"29":0,"30":0,"31":1,"32":1,"33":1,"34":0,"35":1,"36":1,"37":0,"38":1,"39":1,"40":1,"41":1,"42":0,"43":1,"44":1,"45":1},"f":{"0":1,"1":6,"2":4,"3":0,"4":1},"b":{"0":[0],"1":[2],"2":[1],"3":[2],"4":[3,2],"5":[0],"6":[2],"7":[4,3],"8":[0],"9":[0],"10":[0],"11":[0,0],"12":[0],"13":[0,0,0],"14":[0],"15":[0],"16":[1],"17":[1,1],"18":[0]}}
}
