TN:
SF:src\config\ormconfig.ts
FNF:0
FNH:0
DA:1,1
DA:2,1
DA:4,1
LF:3
LH:3
BRF:0
BRH:0
end_of_record
TN:
SF:src\controller\dto\todo-create.dto.ts
FN:7,(anonymous_0)
FN:12,(anonymous_1)
FNF:2
FNH:2
FNDA:1,(anonymous_0)
FNDA:1,(anonymous_1)
DA:1,1
DA:3,1
DA:8,1
DA:9,1
DA:13,1
DA:14,1
DA:15,1
LF:7
LH:7
BRF:0
BRH:0
end_of_record
TN:
SF:src\entity\todo.entity.ts
FN:29,(anonymous_2)
FN:18,(anonymous_3)
FN:23,(anonymous_4)
FNF:3
FNH:1
FNDA:1,(anonymous_2)
FNDA:0,(anonymous_3)
FNDA:0,(anonymous_4)
DA:1,1
DA:4,1
DA:6,1
DA:9,1
DA:12,1
DA:15,1
DA:18,0
DA:20,1
DA:23,0
DA:25,1
DA:30,1
DA:31,1
LF:12
LH:10
BRDA:31,0,0,1
BRDA:31,0,1,0
BRDA:31,1,0,1
BRDA:31,1,1,1
BRF:4
BRH:3
end_of_record
TN:
SF:src\exception\global-exception.handler.ts
FN:6,(anonymous_0)
FN:11,(anonymous_1)
FNF:2
FNH:1
FNDA:8,(anonymous_0)
FNDA:0,(anonymous_1)
DA:3,1
DA:7,8
DA:8,8
DA:12,0
DA:13,0
DA:15,0
LF:6
LH:3
BRDA:12,0,0,0
BRDA:12,0,1,0
BRF:2
BRH:0
end_of_record
TN:
SF:src\exception\create\create-todo-null.exception.ts
FN:4,(anonymous_0)
FNF:1
FNH:1
FNDA:3,(anonymous_0)
DA:1,1
DA:3,1
DA:5,3
LF:3
LH:3
BRF:0
BRH:0
end_of_record
TN:
SF:src\exception\create\create-todo-type.exception.ts
FN:4,(anonymous_0)
FNF:1
FNH:1
FNDA:2,(anonymous_0)
DA:1,1
DA:3,1
DA:5,2
LF:3
LH:3
BRF:0
BRH:0
end_of_record
TN:
SF:src\exception\filter\filter-todo-field.exception.ts
FN:4,(anonymous_0)
FNF:1
FNH:0
FNDA:0,(anonymous_0)
DA:1,1
DA:3,1
DA:5,0
LF:3
LH:2
BRF:0
BRH:0
end_of_record
TN:
SF:src\exception\find\find-todo-type.exception.ts
FN:4,(anonymous_0)
FNF:1
FNH:1
FNDA:2,(anonymous_0)
DA:1,1
DA:3,1
DA:5,2
LF:3
LH:3
BRF:0
BRH:0
end_of_record
TN:
SF:src\exception\find\get-all-fetch.exception.ts
FN:4,(anonymous_0)
FNF:1
FNH:0
FNDA:0,(anonymous_0)
DA:1,1
DA:3,1
DA:5,0
LF:3
LH:2
BRF:0
BRH:0
end_of_record
TN:
SF:src\exception\find\todo-not-found.exception.ts
FN:4,(anonymous_0)
FNF:1
FNH:1
FNDA:1,(anonymous_0)
DA:1,1
DA:3,1
DA:5,1
LF:3
LH:3
BRF:0
BRH:0
end_of_record
TN:
SF:src\exception\update\update-todo-field-name.exception.ts
FN:4,(anonymous_0)
FNF:1
FNH:0
FNDA:0,(anonymous_0)
DA:1,1
DA:3,1
DA:5,0
LF:3
LH:2
BRF:0
BRH:0
end_of_record
TN:
SF:src\exception\update\update-todo-field-type.exception.ts
FN:4,(anonymous_0)
FNF:1
FNH:0
FNDA:0,(anonymous_0)
DA:1,1
DA:3,1
DA:5,0
LF:3
LH:2
BRF:0
BRH:0
end_of_record
TN:
SF:src\exception\update\update-todo-field.exception.ts
FN:4,(anonymous_0)
FNF:1
FNH:0
FNDA:0,(anonymous_0)
DA:1,1
DA:3,1
DA:5,0
LF:3
LH:2
BRF:0
BRH:0
end_of_record
TN:
SF:src\repository\todo.repository.ts
FNF:0
FNH:0
DA:1,1
DA:5,1
LF:2
LH:2
BRF:0
BRH:0
end_of_record
TN:
SF:src\service\todo.service.ts
FN:11,(anonymous_7)
FN:16,(anonymous_8)
FN:28,(anonymous_10)
FN:42,(anonymous_12)
FN:50,(anonymous_14)
FN:59,(anonymous_16)
FN:66,(anonymous_18)
FNF:7
FNH:5
FNDA:12,(anonymous_7)
FNDA:1,(anonymous_8)
FNDA:1,(anonymous_10)
FNDA:6,(anonymous_12)
FNDA:4,(anonymous_14)
FNDA:0,(anonymous_16)
FNDA:0,(anonymous_18)
DA:1,1
DA:2,1
DA:3,1
DA:4,1
DA:6,1
DA:9,1
DA:12,12
DA:17,1
DA:24,1
DA:25,1
DA:29,1
DA:30,1
DA:39,1
DA:43,6
DA:44,1
DA:47,1
DA:51,4
DA:53,2
DA:55,2
DA:56,1
DA:60,0
DA:61,0
DA:62,0
DA:63,0
DA:67,0
DA:68,0
DA:69,0
LF:27
LH:20
BRDA:55,0,0,1
BRF:1
BRH:1
end_of_record
TN:
SF:src\validate\todo.validate.ts
FN:13,(anonymous_0)
FN:17,(anonymous_1)
FN:26,(anonymous_2)
FN:30,(anonymous_3)
FN:47,(anonymous_4)
FNF:5
FNH:4
FNDA:1,(anonymous_0)
FNDA:6,(anonymous_1)
FNDA:4,(anonymous_2)
FNDA:0,(anonymous_3)
FNDA:1,(anonymous_4)
DA:2,1
DA:3,1
DA:4,1
DA:5,1
DA:6,1
DA:7,1
DA:8,1
DA:9,1
DA:11,1
DA:14,1
DA:18,6
DA:19,4
DA:20,3
DA:21,2
DA:23,1
DA:27,4
DA:31,0
DA:32,0
DA:33,0
DA:35,0
DA:36,0
DA:37,0
DA:38,0
DA:40,0
DA:43,0
DA:49,1
DA:50,1
DA:51,1
DA:53,1
DA:54,1
DA:56,1
DA:57,1
DA:58,1
DA:59,1
DA:60,1
DA:63,1
LF:36
LH:27
BRDA:14,0,0,0
BRDA:18,1,0,2
BRDA:19,2,0,1
BRDA:20,3,0,2
BRDA:20,4,0,3
BRDA:20,4,1,2
BRDA:23,5,0,0
BRDA:27,6,0,2
BRDA:27,7,0,4
BRDA:27,7,1,3
BRDA:33,8,0,0
BRDA:36,9,0,0
BRDA:37,10,0,0
BRDA:37,11,0,0
BRDA:37,11,1,0
BRDA:40,12,0,0
BRDA:40,13,0,0
BRDA:40,13,1,0
BRDA:40,13,2,0
BRDA:51,14,0,0
BRDA:54,15,0,0
BRDA:57,16,0,1
BRDA:57,17,0,1
BRDA:57,17,1,1
BRDA:59,18,0,0
BRF:25
BRH:11
end_of_record
